0 info it worked if it ends with ok
1 verbose cli [ '/usr/local/bin/node', '/usr/local/bin/npm', 'run', 'release' ]
2 info using npm@2.15.11
3 info using node@v4.7.0
4 verbose run-script [ 'prerelease', 'release', 'postrelease' ]
5 info prerelease usync@0.0.6
6 info release usync@0.0.6
7 verbose unsafe-perm in lifecycle true
8 info usync@0.0.6 Failed to exec release script
9 verbose stack Error: usync@0.0.6 release: `node build/release.js`
9 verbose stack Exit status 1
9 verbose stack     at EventEmitter.<anonymous> (/usr/local/lib/node_modules/npm/lib/utils/lifecycle.js:217:16)
9 verbose stack     at emitTwo (events.js:87:13)
9 verbose stack     at EventEmitter.emit (events.js:172:7)
9 verbose stack     at ChildProcess.<anonymous> (/usr/local/lib/node_modules/npm/lib/utils/spawn.js:24:14)
9 verbose stack     at emitTwo (events.js:87:13)
9 verbose stack     at ChildProcess.emit (events.js:172:7)
9 verbose stack     at maybeClose (internal/child_process.js:854:16)
9 verbose stack     at Process.ChildProcess._handle.onexit (internal/child_process.js:222:5)
10 verbose pkgid usync@0.0.6
11 verbose cwd /Users/haolchen/Documents/Coding/My/XXXXXXXX/usync
12 error Darwin 16.6.0
13 error argv "/usr/local/bin/node" "/usr/local/bin/npm" "run" "release"
14 error node v4.7.0
15 error npm  v2.15.11
16 error code ELIFECYCLE
17 error usync@0.0.6 release: `node build/release.js`
17 error Exit status 1
18 error Failed at the usync@0.0.6 release script 'node build/release.js'.
18 error This is most likely a problem with the usync package,
18 error not with npm itself.
18 error Tell the author that this fails on your system:
18 error     node build/release.js
18 error You can get information on how to open an issue for this project with:
18 error     npm bugs usync
18 error Or if that isn't available, you can get their info via:
18 error
18 error     npm owner ls usync
18 error There is likely additional logging output above.
19 verbose exit [ 1, true ]
